Using pre-set license
Built from '2020.3/staging' branch; Version is '2020.3.13f1 (71691879b7f5) revision 7432472'; Using compiler version '192528614'; Build Type 'Release'
OS: 'Windows 10 Education; OS build 19041.1237; Version 2004; 64bit' Language: 'pt' Physical Memory: 8058 MB
BatchMode: 1, IsHumanControllingUs: 0, StartBugReporterOnCrash: 0, Is64bit: 1, IsPro: 0

 COMMAND LINE ARGUMENTS:
C:\Program Files\Unity\Hub\Editor\2020.3.13f1\Editor\Unity.exe
-adb2
-batchMode
-noUpm
-name
AssetImportWorker0
-projectPath
C:/Users/gabri/Code/Unity/Projects/tfg-traffic-sma/Traffic Simulator 3D
-logFile
Logs/AssetImportWorker0.log
-srvPort
56569
Successfully changed project path to: C:/Users/gabri/Code/Unity/Projects/tfg-traffic-sma/Traffic Simulator 3D
C:/Users/gabri/Code/Unity/Projects/tfg-traffic-sma/Traffic Simulator 3D
Using Asset Import Pipeline V2.
Refreshing native plugins compatible for Editor in 74.73 ms, found 2 plugins.
Preloading 0 native plugins for Editor in 0.00 ms.
Initialize engine version: 2020.3.13f1 (71691879b7f5)
[Subsystems] Discovering subsystems at path C:/Program Files/Unity/Hub/Editor/2020.3.13f1/Editor/Data/Resources/UnitySubsystems
[Subsystems] Discovering subsystems at path C:/Users/gabri/Code/Unity/Projects/tfg-traffic-sma/Traffic Simulator 3D/Assets
GfxDevice: creating device client; threaded=0
Direct3D:
    Version:  Direct3D 11.0 [level 11.1]
    Renderer: NVIDIA GeForce GTX 1050 (ID=0x1c8d)
    Vendor:   
    VRAM:     4019 MB
    Driver:   27.21.14.6109
Initialize mono
Mono path[0] = 'C:/Program Files/Unity/Hub/Editor/2020.3.13f1/Editor/Data/Managed'
Mono path[1] = 'C:/Program Files/Unity/Hub/Editor/2020.3.13f1/Editor/Data/MonoBleedingEdge/lib/mono/unityjit'
Mono config path = 'C:/Program Files/Unity/Hub/Editor/2020.3.13f1/Editor/Data/MonoBleedingEdge/etc'
Using monoOptions --debugger-agent=transport=dt_socket,embedding=1,server=y,suspend=n,address=127.0.0.1:56236
Begin MonoManager ReloadAssembly
Registering precompiled unity dll's ...
Register platform support module: C:/Program Files/Unity/Hub/Editor/2020.3.13f1/Editor/Data/PlaybackEngines/WindowsStandaloneSupport/UnityEditor.WindowsStandalone.Extensions.dll
Registered in 0.002989 seconds.
Native extension for WindowsStandalone target not found
Refreshing native plugins compatible for Editor in 34.61 ms, found 2 plugins.
Preloading 0 native plugins for Editor in 0.00 ms.
Mono: successfully reloaded assembly
- Completed reload, in  1.538 seconds
Platform modules already initialized, skipping
Registering precompiled user dll's ...
Registered in 0.006216 seconds.
Begin MonoManager ReloadAssembly
Native extension for WindowsStandalone target not found
Refreshing native plugins compatible for Editor in 0.66 ms, found 2 plugins.
Preloading 0 native plugins for Editor in 0.00 ms.
Mono: successfully reloaded assembly
- Completed reload, in  1.484 seconds
Platform modules already initialized, skipping
========================================================================
Worker process is ready to serve import requests
Launched and connected shader compiler UnityShaderCompiler.exe after 0.12 seconds
Refreshing native plugins compatible for Editor in 0.38 ms, found 2 plugins.
Preloading 0 native plugins for Editor in 0.00 ms.
Unloading 1406 Unused Serialized files (Serialized files now loaded: 0)
System memory in use before: 65.4 MB.
System memory in use after: 65.4 MB.

Unloading 22 unused Assets to reduce memory usage. Loaded Objects now: 1836.
Total: 3.065900 ms (FindLiveObjects: 0.251200 ms CreateObjectMapping: 0.067200 ms MarkObjects: 2.650300 ms  DeleteObjects: 0.095100 ms)

AssetImportParameters requested are different than current active one (requested -> active):
  custom:framework-win-MediaFoundation: 216162199b28c13a410421893ffa2e32 -> 
  custom:video-decoder-ogg-theora: a1e56fd34408186e4bbccfd4996cb3dc -> 
  custom:container-muxer-webm: aa71ff27fc2769a1b78a27578f13a17b -> 
  custom:container-demuxer-webm: 4f35f7cbe854078d1ac9338744f61a02 -> 
  custom:container-demuxer-ogg: 62fdf1f143b41e24485cea50d1cbac27 -> 
  custom:video-encoder-webm-vp8: eb34c28f22e8b96e1ab97ce403110664 -> 
  custom:video-codec-MediaFoundation-h265: 746d11721c4dcdbdad8f713fa42b33f4 -> 
  custom:video-decoder-webm-vp8: 9c59270c3fd7afecdb556c50c9e8de78 -> 
  custom:audio-decoder-ogg-vorbis: bf7c407c2cedff20999df2af8eb42d56 -> 
  custom:audio-encoder-webm-vorbis: bf7c407c2cedff20999df2af8eb42d56 -> 
========================================================================
Received Import Request.
  path: Assets/Scenes/Simple Crossroads.unity
  artifactKey: Guid(7b23c544e5a659a498150c30db7c81e0) Importer(815301076,1909f56bfc062723c751e8b465ee728b)
Start importing Assets/Scenes/Simple Crossroads.unity using Guid(7b23c544e5a659a498150c30db7c81e0) Importer(815301076,1909f56bfc062723c751e8b465ee728b)  -> (artifact id: 'dca3104e3828dde994482e20847057bb') in 0.063546 seconds 
  Import took 0.109665 seconds .

========================================================================
Received Import Request.
  Time since last request: 376.966445 seconds.
  path: Assets/Scenes/SampleScene.unity
  artifactKey: Guid(9fc0d4010bbf28b4594072e72b8655ab) Importer(815301076,1909f56bfc062723c751e8b465ee728b)
Start importing Assets/Scenes/SampleScene.unity using Guid(9fc0d4010bbf28b4594072e72b8655ab) Importer(815301076,1909f56bfc062723c751e8b465ee728b)  -> (artifact id: 'a4392746dde44fb07018a8c543a57ce3') in 0.041108 seconds 
  Import took 0.087271 seconds .

========================================================================
Received Import Request.
  Time since last request: 122.946147 seconds.
  path: Assets/Scenes/Simple Crossroads.unity
  artifactKey: Guid(7b23c544e5a659a498150c30db7c81e0) Importer(815301076,1909f56bfc062723c751e8b465ee728b)
Start importing Assets/Scenes/Simple Crossroads.unity using Guid(7b23c544e5a659a498150c30db7c81e0) Importer(815301076,1909f56bfc062723c751e8b465ee728b)  -> (artifact id: '52375e558560112b7a1f61ca53694897') in 0.005331 seconds 
  Import took 0.023290 seconds .

========================================================================
Received Import Request.
  Time since last request: 24.081427 seconds.
  path: Assets/Prefabs/Semaphore 1.prefab
  artifactKey: Guid(95f067699da991e41be620758cc29e1d) Importer(815301076,1909f56bfc062723c751e8b465ee728b)
Start importing Assets/Prefabs/Semaphore 1.prefab using Guid(95f067699da991e41be620758cc29e1d) Importer(815301076,1909f56bfc062723c751e8b465ee728b)  -> (artifact id: '1b3f21c6af418f6782144db6149c20f5') in 0.214502 seconds 
  Import took 0.218970 seconds .

========================================================================
Received Import Request.
  Time since last request: 16.436765 seconds.
  path: Assets/Prefabs/Car 1.prefab
  artifactKey: Guid(e7b298832dc767746a96a8426c399acb) Importer(815301076,1909f56bfc062723c751e8b465ee728b)
Start importing Assets/Prefabs/Car 1.prefab using Guid(e7b298832dc767746a96a8426c399acb) Importer(815301076,1909f56bfc062723c751e8b465ee728b)  -> (artifact id: '968fbab8f2f5fe108043b4986f8d2582') in 0.033197 seconds 
  Import took 0.038716 seconds .

========================================================================
Received Import Request.
  Time since last request: 0.012453 seconds.
  path: Assets/Prefabs/Car 1.prefab
  artifactKey: Guid(e7b298832dc767746a96a8426c399acb) Importer(815301076,1909f56bfc062723c751e8b465ee728b)
Start importing Assets/Prefabs/Car 1.prefab using Guid(e7b298832dc767746a96a8426c399acb) Importer(815301076,1909f56bfc062723c751e8b465ee728b)  -> (artifact id: '968fbab8f2f5fe108043b4986f8d2582') in 0.045288 seconds 
  Import took 0.048922 seconds .

========================================================================
Received Import Request.
  Time since last request: 12.620915 seconds.
  path: Assets/Prefabs/Car.prefab
  artifactKey: Guid(37d7911618e25b84a863ca3f541aa7d0) Importer(815301076,1909f56bfc062723c751e8b465ee728b)
Start importing Assets/Prefabs/Car.prefab using Guid(37d7911618e25b84a863ca3f541aa7d0) Importer(815301076,1909f56bfc062723c751e8b465ee728b)  -> (artifact id: 'f1402bddb13defc285dbc6d2b15a4060') in 0.044173 seconds 
  Import took 0.048473 seconds .

========================================================================
Received Import Request.
  Time since last request: 6.488052 seconds.
  path: Assets/Prefabs/Semaphore.prefab
  artifactKey: Guid(c7a735138a2fc3d45bb6943308b42b84) Importer(815301076,1909f56bfc062723c751e8b465ee728b)
Start importing Assets/Prefabs/Semaphore.prefab using Guid(c7a735138a2fc3d45bb6943308b42b84) Importer(815301076,1909f56bfc062723c751e8b465ee728b)  -> (artifact id: '1e8e8b27d32706753cb703659940a0c9') in 0.039529 seconds 
  Import took 0.043915 seconds .

========================================================================
Received Import Request.
  Time since last request: 6.297414 seconds.
  path: Assets/Prefabs/VehicleSpawner.prefab
  artifactKey: Guid(aa3911c28379cfd46b558baffedd6749) Importer(815301076,1909f56bfc062723c751e8b465ee728b)
Start importing Assets/Prefabs/VehicleSpawner.prefab using Guid(aa3911c28379cfd46b558baffedd6749) Importer(815301076,1909f56bfc062723c751e8b465ee728b)  -> (artifact id: 'bc0de39765f18102303d3f6fc4943cd1') in 0.028377 seconds 
  Import took 0.065041 seconds .

========================================================================
Received Import Request.
  Time since last request: 36.227660 seconds.
  path: Assets/Prefabs/Paths.prefab
  artifactKey: Guid(726bca55c2f697e42b211c55d79596ea) Importer(815301076,1909f56bfc062723c751e8b465ee728b)
Start importing Assets/Prefabs/Paths.prefab using Guid(726bca55c2f697e42b211c55d79596ea) Importer(815301076,1909f56bfc062723c751e8b465ee728b)  -> (artifact id: '1df67e7e51ca310500e15b4a8eaca0ce') in 0.013889 seconds 
  Import took 0.018573 seconds .

========================================================================
Received Import Request.
  Time since last request: 0.004160 seconds.
  path: Assets/Prefabs/Paths.prefab
  artifactKey: Guid(726bca55c2f697e42b211c55d79596ea) Importer(815301076,1909f56bfc062723c751e8b465ee728b)
Start importing Assets/Prefabs/Paths.prefab using Guid(726bca55c2f697e42b211c55d79596ea) Importer(815301076,1909f56bfc062723c751e8b465ee728b)  -> (artifact id: '1df67e7e51ca310500e15b4a8eaca0ce') in 0.008020 seconds 
  Import took 0.011693 seconds .

========================================================================
Received Import Request.
  Time since last request: 13.070113 seconds.
  path: Assets/Prefabs/Pedestrian.prefab
  artifactKey: Guid(416777a17f3de5748accf719c3c8acaa) Importer(815301076,1909f56bfc062723c751e8b465ee728b)
Start importing Assets/Prefabs/Pedestrian.prefab using Guid(416777a17f3de5748accf719c3c8acaa) Importer(815301076,1909f56bfc062723c751e8b465ee728b)  -> (artifact id: '4e0b3c32f2567c860428ceaeedeaaea1') in 0.038703 seconds 
  Import took 0.043104 seconds .

========================================================================
Received Import Request.
  Time since last request: 7.483262 seconds.
  path: Assets/Prefabs/SimManager.prefab
  artifactKey: Guid(f4dab3b1232cf914bbaf3bcf5a1b07c4) Importer(815301076,1909f56bfc062723c751e8b465ee728b)
Start importing Assets/Prefabs/SimManager.prefab using Guid(f4dab3b1232cf914bbaf3bcf5a1b07c4) Importer(815301076,1909f56bfc062723c751e8b465ee728b)  -> (artifact id: '2e9d1fd5e6d7ec79779bc87b186b6f68') in 0.025059 seconds 
  Import took 0.051046 seconds .

========================================================================
Received Import Request.
  Time since last request: 0.010920 seconds.
  path: Assets/Prefabs/SimManager.prefab
  artifactKey: Guid(f4dab3b1232cf914bbaf3bcf5a1b07c4) Importer(815301076,1909f56bfc062723c751e8b465ee728b)
Start importing Assets/Prefabs/SimManager.prefab using Guid(f4dab3b1232cf914bbaf3bcf5a1b07c4) Importer(815301076,1909f56bfc062723c751e8b465ee728b)  -> (artifact id: '2e9d1fd5e6d7ec79779bc87b186b6f68') in 0.012921 seconds 
  Import took 0.018097 seconds .

========================================================================
Received Import Request.
  Time since last request: 94.412275 seconds.
  path: Assets/Prefabs/Paths.prefab
  artifactKey: Guid(726bca55c2f697e42b211c55d79596ea) Importer(815301076,1909f56bfc062723c751e8b465ee728b)
Start importing Assets/Prefabs/Paths.prefab using Guid(726bca55c2f697e42b211c55d79596ea) Importer(815301076,1909f56bfc062723c751e8b465ee728b)  -> (artifact id: '484a300ff2e78fc6235605fb8802469f') in 0.010143 seconds 
  Import took 0.028062 seconds .

========================================================================
Received Prepare
Registering precompiled user dll's ...
Registered in 0.006954 seconds.
Begin MonoManager ReloadAssembly
Native extension for WindowsStandalone target not found
Refreshing native plugins compatible for Editor in 0.45 ms, found 2 plugins.
Preloading 0 native plugins for Editor in 0.00 ms.
Mono: successfully reloaded assembly
- Completed reload, in  1.143 seconds
Platform modules already initialized, skipping
Refreshing native plugins compatible for Editor in 0.42 ms, found 2 plugins.
Preloading 0 native plugins for Editor in 0.00 ms.
Unloading 1401 Unused Serialized files (Serialized files now loaded: 0)
System memory in use before: 68.5 MB.
System memory in use after: 68.6 MB.

Unloading 17 unused Assets to reduce memory usage. Loaded Objects now: 1847.
Total: 2.484100 ms (FindLiveObjects: 0.149400 ms CreateObjectMapping: 0.052000 ms MarkObjects: 2.184500 ms  DeleteObjects: 0.096800 ms)

AssetImportParameters requested are different than current active one (requested -> active):
  custom:framework-win-MediaFoundation: 216162199b28c13a410421893ffa2e32 -> 
  custom:video-decoder-ogg-theora: a1e56fd34408186e4bbccfd4996cb3dc -> 
  custom:container-muxer-webm: aa71ff27fc2769a1b78a27578f13a17b -> 
  custom:container-demuxer-webm: 4f35f7cbe854078d1ac9338744f61a02 -> 
  custom:container-demuxer-ogg: 62fdf1f143b41e24485cea50d1cbac27 -> 
  custom:video-encoder-webm-vp8: eb34c28f22e8b96e1ab97ce403110664 -> 
  custom:video-codec-MediaFoundation-h265: 746d11721c4dcdbdad8f713fa42b33f4 -> 
  custom:video-decoder-webm-vp8: 9c59270c3fd7afecdb556c50c9e8de78 -> 
  custom:audio-decoder-ogg-vorbis: bf7c407c2cedff20999df2af8eb42d56 -> 
  custom:audio-encoder-webm-vorbis: bf7c407c2cedff20999df2af8eb42d56 -> 
========================================================================
Received Prepare
Registering precompiled user dll's ...
Registered in 0.006454 seconds.
Begin MonoManager ReloadAssembly
Native extension for WindowsStandalone target not found
Refreshing native plugins compatible for Editor in 0.37 ms, found 2 plugins.
Preloading 0 native plugins for Editor in 0.00 ms.
Mono: successfully reloaded assembly
- Completed reload, in  1.229 seconds
Platform modules already initialized, skipping
Refreshing native plugins compatible for Editor in 0.35 ms, found 2 plugins.
Preloading 0 native plugins for Editor in 0.00 ms.
Unloading 1401 Unused Serialized files (Serialized files now loaded: 0)
System memory in use before: 68.5 MB.
System memory in use after: 68.6 MB.

Unloading 17 unused Assets to reduce memory usage. Loaded Objects now: 1850.
Total: 2.336400 ms (FindLiveObjects: 0.141300 ms CreateObjectMapping: 0.049000 ms MarkObjects: 2.062000 ms  DeleteObjects: 0.082700 ms)

AssetImportParameters requested are different than current active one (requested -> active):
  custom:framework-win-MediaFoundation: 216162199b28c13a410421893ffa2e32 -> 
  custom:video-decoder-ogg-theora: a1e56fd34408186e4bbccfd4996cb3dc -> 
  custom:container-muxer-webm: aa71ff27fc2769a1b78a27578f13a17b -> 
  custom:container-demuxer-webm: 4f35f7cbe854078d1ac9338744f61a02 -> 
  custom:container-demuxer-ogg: 62fdf1f143b41e24485cea50d1cbac27 -> 
  custom:video-encoder-webm-vp8: eb34c28f22e8b96e1ab97ce403110664 -> 
  custom:video-codec-MediaFoundation-h265: 746d11721c4dcdbdad8f713fa42b33f4 -> 
  custom:video-decoder-webm-vp8: 9c59270c3fd7afecdb556c50c9e8de78 -> 
  custom:audio-decoder-ogg-vorbis: bf7c407c2cedff20999df2af8eb42d56 -> 
  custom:audio-encoder-webm-vorbis: bf7c407c2cedff20999df2af8eb42d56 -> 
========================================================================
Received Import Request.
  Time since last request: 490.828294 seconds.
  path: Assets/Prefabs/Car.prefab
  artifactKey: Guid(37d7911618e25b84a863ca3f541aa7d0) Importer(815301076,1909f56bfc062723c751e8b465ee728b)
Start importing Assets/Prefabs/Car.prefab using Guid(37d7911618e25b84a863ca3f541aa7d0) Importer(815301076,1909f56bfc062723c751e8b465ee728b)  -> (artifact id: '66b824619e4dc03adba893bb6cfdc0cb') in 0.070701 seconds 
  Import took 0.103947 seconds .

========================================================================
Received Prepare
Registering precompiled user dll's ...
Registered in 0.018562 seconds.
Begin MonoManager ReloadAssembly
Native extension for WindowsStandalone target not found
Refreshing native plugins compatible for Editor in 0.64 ms, found 2 plugins.
Preloading 0 native plugins for Editor in 0.00 ms.
Mono: successfully reloaded assembly
- Completed reload, in  1.303 seconds
Platform modules already initialized, skipping
Refreshing native plugins compatible for Editor in 0.35 ms, found 2 plugins.
Preloading 0 native plugins for Editor in 0.00 ms.
Unloading 1401 Unused Serialized files (Serialized files now loaded: 0)
System memory in use before: 68.6 MB.
System memory in use after: 68.6 MB.

Unloading 17 unused Assets to reduce memory usage. Loaded Objects now: 1854.
Total: 2.077200 ms (FindLiveObjects: 0.169900 ms CreateObjectMapping: 0.053400 ms MarkObjects: 1.791200 ms  DeleteObjects: 0.061300 ms)

AssetImportParameters requested are different than current active one (requested -> active):
  custom:framework-win-MediaFoundation: 216162199b28c13a410421893ffa2e32 -> 
  custom:video-decoder-ogg-theora: a1e56fd34408186e4bbccfd4996cb3dc -> 
  custom:container-muxer-webm: aa71ff27fc2769a1b78a27578f13a17b -> 
  custom:container-demuxer-webm: 4f35f7cbe854078d1ac9338744f61a02 -> 
  custom:container-demuxer-ogg: 62fdf1f143b41e24485cea50d1cbac27 -> 
  custom:video-encoder-webm-vp8: eb34c28f22e8b96e1ab97ce403110664 -> 
  custom:video-codec-MediaFoundation-h265: 746d11721c4dcdbdad8f713fa42b33f4 -> 
  custom:video-decoder-webm-vp8: 9c59270c3fd7afecdb556c50c9e8de78 -> 
  custom:audio-decoder-ogg-vorbis: bf7c407c2cedff20999df2af8eb42d56 -> 
  custom:audio-encoder-webm-vorbis: bf7c407c2cedff20999df2af8eb42d56 -> 
========================================================================
Received Prepare
Registering precompiled user dll's ...
Registered in 0.007290 seconds.
Begin MonoManager ReloadAssembly
Native extension for WindowsStandalone target not found
Refreshing native plugins compatible for Editor in 0.36 ms, found 2 plugins.
Preloading 0 native plugins for Editor in 0.00 ms.
Mono: successfully reloaded assembly
- Completed reload, in  1.511 seconds
Platform modules already initialized, skipping
Refreshing native plugins compatible for Editor in 0.40 ms, found 2 plugins.
Preloading 0 native plugins for Editor in 0.00 ms.
Unloading 1401 Unused Serialized files (Serialized files now loaded: 0)
System memory in use before: 68.6 MB.
System memory in use after: 68.6 MB.

Unloading 17 unused Assets to reduce memory usage. Loaded Objects now: 1857.
Total: 2.854300 ms (FindLiveObjects: 0.146500 ms CreateObjectMapping: 0.070000 ms MarkObjects: 2.561900 ms  DeleteObjects: 0.074400 ms)

AssetImportParameters requested are different than current active one (requested -> active):
  custom:framework-win-MediaFoundation: 216162199b28c13a410421893ffa2e32 -> 
  custom:video-decoder-ogg-theora: a1e56fd34408186e4bbccfd4996cb3dc -> 
  custom:container-muxer-webm: aa71ff27fc2769a1b78a27578f13a17b -> 
  custom:container-demuxer-webm: 4f35f7cbe854078d1ac9338744f61a02 -> 
  custom:container-demuxer-ogg: 62fdf1f143b41e24485cea50d1cbac27 -> 
  custom:video-encoder-webm-vp8: eb34c28f22e8b96e1ab97ce403110664 -> 
  custom:video-codec-MediaFoundation-h265: 746d11721c4dcdbdad8f713fa42b33f4 -> 
  custom:video-decoder-webm-vp8: 9c59270c3fd7afecdb556c50c9e8de78 -> 
  custom:audio-decoder-ogg-vorbis: bf7c407c2cedff20999df2af8eb42d56 -> 
  custom:audio-encoder-webm-vorbis: bf7c407c2cedff20999df2af8eb42d56 -> 
========================================================================
Received Prepare
Registering precompiled user dll's ...
Registered in 0.208173 seconds.
Begin MonoManager ReloadAssembly
Native extension for WindowsStandalone target not found
Refreshing native plugins compatible for Editor in 0.41 ms, found 2 plugins.
Preloading 0 native plugins for Editor in 0.00 ms.
Mono: successfully reloaded assembly
- Completed reload, in  4.555 seconds
Platform modules already initialized, skipping
Refreshing native plugins compatible for Editor in 0.64 ms, found 2 plugins.
Preloading 0 native plugins for Editor in 0.00 ms.
Unloading 1401 Unused Serialized files (Serialized files now loaded: 0)
System memory in use before: 68.6 MB.
System memory in use after: 68.7 MB.

Unloading 17 unused Assets to reduce memory usage. Loaded Objects now: 1860.
Total: 4.389700 ms (FindLiveObjects: 0.407900 ms CreateObjectMapping: 0.112200 ms MarkObjects: 3.760500 ms  DeleteObjects: 0.107100 ms)

AssetImportParameters requested are different than current active one (requested -> active):
  custom:framework-win-MediaFoundation: 216162199b28c13a410421893ffa2e32 -> 
  custom:video-decoder-ogg-theora: a1e56fd34408186e4bbccfd4996cb3dc -> 
  custom:container-muxer-webm: aa71ff27fc2769a1b78a27578f13a17b -> 
  custom:container-demuxer-webm: 4f35f7cbe854078d1ac9338744f61a02 -> 
  custom:container-demuxer-ogg: 62fdf1f143b41e24485cea50d1cbac27 -> 
  custom:video-encoder-webm-vp8: eb34c28f22e8b96e1ab97ce403110664 -> 
  custom:video-codec-MediaFoundation-h265: 746d11721c4dcdbdad8f713fa42b33f4 -> 
  custom:video-decoder-webm-vp8: 9c59270c3fd7afecdb556c50c9e8de78 -> 
  custom:audio-decoder-ogg-vorbis: bf7c407c2cedff20999df2af8eb42d56 -> 
  custom:audio-encoder-webm-vorbis: bf7c407c2cedff20999df2af8eb42d56 -> 
========================================================================
Received Import Request.
  Time since last request: 341.112275 seconds.
  path: Assets/Scenes/Simple Crossroads.unity
  artifactKey: Guid(7b23c544e5a659a498150c30db7c81e0) Importer(815301076,1909f56bfc062723c751e8b465ee728b)
Start importing Assets/Scenes/Simple Crossroads.unity using Guid(7b23c544e5a659a498150c30db7c81e0) Importer(815301076,1909f56bfc062723c751e8b465ee728b)  -> (artifact id: 'e0b861cf9446668a660a963bb8726a90') in 0.034159 seconds 
  Import took 0.070833 seconds .

========================================================================
Received Import Request.
  Time since last request: 29.625359 seconds.
  path: Assets/Scenes/Simple Crossroads.scenetemplate
  artifactKey: Guid(252b79ef0ab51784cb4b7a99a4d70742) Importer(815301076,1909f56bfc062723c751e8b465ee728b)
Start importing Assets/Scenes/Simple Crossroads.scenetemplate using Guid(252b79ef0ab51784cb4b7a99a4d70742) Importer(815301076,1909f56bfc062723c751e8b465ee728b)  -> (artifact id: '7e9db51379e3fade6d1d62717a2d4074') in 0.178603 seconds 
  Import took 0.203296 seconds .

========================================================================
Received Import Request.
  Time since last request: 0.286811 seconds.
  path: Assets/Scenes/Simple Crossroads.scenetemplate
  artifactKey: Guid(252b79ef0ab51784cb4b7a99a4d70742) Importer(815301076,1909f56bfc062723c751e8b465ee728b)
Start importing Assets/Scenes/Simple Crossroads.scenetemplate using Guid(252b79ef0ab51784cb4b7a99a4d70742) Importer(815301076,1909f56bfc062723c751e8b465ee728b)  -> (artifact id: '7e9db51379e3fade6d1d62717a2d4074') in 0.028563 seconds 
  Import took 0.032650 seconds .

========================================================================
Received Import Request.
  Time since last request: 40.309474 seconds.
  path: Assets/Scenes/Complex Crossroads.unity
  artifactKey: Guid(b761a3ece07a17b4b8ee1be14ce4955f) Importer(815301076,1909f56bfc062723c751e8b465ee728b)
Start importing Assets/Scenes/Complex Crossroads.unity using Guid(b761a3ece07a17b4b8ee1be14ce4955f) Importer(815301076,1909f56bfc062723c751e8b465ee728b)  -> (artifact id: '581b2e508a0f42f2e1d321ab45016c30') in 0.030286 seconds 
  Import took 0.071974 seconds .

========================================================================
Received Import Request.
  Time since last request: 15.373416 seconds.
  path: Assets/Scenes/New Scene.unity
  artifactKey: Guid(5f4b3ca110890a0448a6f64f83f471c4) Importer(815301076,1909f56bfc062723c751e8b465ee728b)
Start importing Assets/Scenes/New Scene.unity using Guid(5f4b3ca110890a0448a6f64f83f471c4) Importer(815301076,1909f56bfc062723c751e8b465ee728b)  -> (artifact id: 'bbdef40dcfc867b164f1022a61686bf2') in 0.043381 seconds 
  Import took 0.068625 seconds .

========================================================================
Received Import Request.
  Time since last request: 88.653438 seconds.
  path: Assets/Scenes/Complex Crossroads
  artifactKey: Guid(38719c7180d5d43408bf28e3e6218297) Importer(815301076,1909f56bfc062723c751e8b465ee728b)
Start importing Assets/Scenes/Complex Crossroads using Guid(38719c7180d5d43408bf28e3e6218297) Importer(815301076,1909f56bfc062723c751e8b465ee728b)  -> (artifact id: '72d70050c9ea7bc2269019eaf137bb3e') in 0.040205 seconds 
  Import took 0.093958 seconds .

========================================================================
Received Import Request.
  Time since last request: 0.044135 seconds.
  path: Assets/Scenes/Complex Crossroads/Car.prefab
  artifactKey: Guid(6daf4ffb45a5a9842b190cff397ed86d) Importer(815301076,1909f56bfc062723c751e8b465ee728b)
Start importing Assets/Scenes/Complex Crossroads/Car.prefab using Guid(6daf4ffb45a5a9842b190cff397ed86d) Importer(815301076,1909f56bfc062723c751e8b465ee728b)  -> (artifact id: '0dead1a607006e435633c2f0a647deb1') in 0.071740 seconds 
  Import took 0.092166 seconds .

========================================================================
Received Import Request.
  Time since last request: 0.000364 seconds.
  path: Assets/Scenes/Complex Crossroads/Grass.prefab
  artifactKey: Guid(b7699630dd2232b46ba47619d9fee6c7) Importer(815301076,1909f56bfc062723c751e8b465ee728b)
Start importing Assets/Scenes/Complex Crossroads/Grass.prefab using Guid(b7699630dd2232b46ba47619d9fee6c7) Importer(815301076,1909f56bfc062723c751e8b465ee728b)  -> (artifact id: '7e0e387a74ed61865f01b86f01c0f448') in 0.141491 seconds 
  Import took 0.144248 seconds .

========================================================================
Received Import Request.
  Time since last request: 0.000432 seconds.
  path: Assets/Scenes/Complex Crossroads/Grass.mat
  artifactKey: Guid(a3437d17e3470ed4d98da7b288f1c609) Importer(815301076,1909f56bfc062723c751e8b465ee728b)
Start importing Assets/Scenes/Complex Crossroads/Grass.mat using Guid(a3437d17e3470ed4d98da7b288f1c609) Importer(815301076,1909f56bfc062723c751e8b465ee728b)  -> (artifact id: '9b9779ac0d76a9f41c41e5f3fd52817d') in 1.147629 seconds 
  Import took 1.151903 seconds .

========================================================================
Received Import Request.
  Time since last request: 0.000616 seconds.
  path: Assets/Scenes/Complex Crossroads/Paths.prefab
  artifactKey: Guid(287f0fa384276cb46a3bf4268e9a92ce) Importer(815301076,1909f56bfc062723c751e8b465ee728b)
Start importing Assets/Scenes/Complex Crossroads/Paths.prefab using Guid(287f0fa384276cb46a3bf4268e9a92ce) Importer(815301076,1909f56bfc062723c751e8b465ee728b)  -> (artifact id: '509c0d6414384b034aa8919dad08d77c') in 0.062078 seconds 
  Import took 0.092283 seconds .

========================================================================
Received Import Request.
  Time since last request: 0.000269 seconds.
  path: Assets/Scenes/Complex Crossroads/RoadBlock.prefab
  artifactKey: Guid(b0bb67c23fcd96d4197e82e2ed729e44) Importer(815301076,1909f56bfc062723c751e8b465ee728b)
Start importing Assets/Scenes/Complex Crossroads/RoadBlock.prefab using Guid(b0bb67c23fcd96d4197e82e2ed729e44) Importer(815301076,1909f56bfc062723c751e8b465ee728b)  -> (artifact id: '4df77db016da0699ca05704a03a583ed') in 0.071441 seconds 
  Import took 0.099030 seconds .

========================================================================
Received Import Request.
  Time since last request: 0.000364 seconds.
  path: Assets/Scenes/Complex Crossroads/Road.mat
  artifactKey: Guid(5bcb916c495058e4c8f05b27e0e7b96c) Importer(815301076,1909f56bfc062723c751e8b465ee728b)
Start importing Assets/Scenes/Complex Crossroads/Road.mat using Guid(5bcb916c495058e4c8f05b27e0e7b96c) Importer(815301076,1909f56bfc062723c751e8b465ee728b)  -> (artifact id: '1e386d2e204d1954fc7c3030c9203644') in 0.152208 seconds 
  Import took 0.155644 seconds .

========================================================================
Received Import Request.
  Time since last request: 0.000344 seconds.
  path: Assets/Scenes/Complex Crossroads/VehicleSpawner.prefab
  artifactKey: Guid(085fbee20c5a18d45850e2a9547f81b3) Importer(815301076,1909f56bfc062723c751e8b465ee728b)
Start importing Assets/Scenes/Complex Crossroads/VehicleSpawner.prefab using Guid(085fbee20c5a18d45850e2a9547f81b3) Importer(815301076,1909f56bfc062723c751e8b465ee728b)  -> (artifact id: '76b330b7f4e80928e09cce1c4f016fde') in 0.015643 seconds 
  Import took 0.020363 seconds .

========================================================================
Received Import Request.
  Time since last request: 0.000380 seconds.
  path: Assets/Scenes/Complex Crossroads/CartoonLowPolyCityLite_01.mat
  artifactKey: Guid(854cb3eb6d8685642a1d8f959e7f5e89) Importer(815301076,1909f56bfc062723c751e8b465ee728b)
Start importing Assets/Scenes/Complex Crossroads/CartoonLowPolyCityLite_01.mat using Guid(854cb3eb6d8685642a1d8f959e7f5e89) Importer(815301076,1909f56bfc062723c751e8b465ee728b)  -> (artifact id: '6917ae28cc0c5e65f3b614e0b7b21648') in 0.154139 seconds 
  Import took 0.170378 seconds .

========================================================================
Received Import Request.
  Time since last request: 0.000238 seconds.
  path: Assets/Scenes/Complex Crossroads/Waypoint.prefab
  artifactKey: Guid(0255e558b1a9c904096d81298a325b9d) Importer(815301076,1909f56bfc062723c751e8b465ee728b)
Start importing Assets/Scenes/Complex Crossroads/Waypoint.prefab using Guid(0255e558b1a9c904096d81298a325b9d) Importer(815301076,1909f56bfc062723c751e8b465ee728b)  -> (artifact id: '9c28df58fed5bf966d5fba2cb4876432') in 0.062801 seconds 
  Import took 0.066962 seconds .

========================================================================
Received Import Request.
  Time since last request: 0.003918 seconds.
  path: Assets/Scenes/Complex Crossroads/Waypoint.prefab
  artifactKey: Guid(0255e558b1a9c904096d81298a325b9d) Importer(815301076,1909f56bfc062723c751e8b465ee728b)
Start importing Assets/Scenes/Complex Crossroads/Waypoint.prefab using Guid(0255e558b1a9c904096d81298a325b9d) Importer(815301076,1909f56bfc062723c751e8b465ee728b)  -> (artifact id: '9c28df58fed5bf966d5fba2cb4876432') in 0.007097 seconds 
  Import took 0.012194 seconds .

========================================================================
Received Import Request.
  Time since last request: 12.739417 seconds.
  path: Assets/Scenes/SampleScene.unity
  artifactKey: Guid(9fc0d4010bbf28b4594072e72b8655ab) Importer(815301076,1909f56bfc062723c751e8b465ee728b)
Start importing Assets/Scenes/SampleScene.unity using Guid(9fc0d4010bbf28b4594072e72b8655ab) Importer(815301076,1909f56bfc062723c751e8b465ee728b)  -> (artifact id: 'd6d9cbbfd04f125bc442c4e3c7574621') in 0.039998 seconds 
  Import took 0.091364 seconds .

========================================================================
Received Import Request.
  Time since last request: 0.689202 seconds.
  path: Assets/Scenes/Complex Crossroads.unity
  artifactKey: Guid(321bf001662060b4c905ff99110ea49b) Importer(815301076,1909f56bfc062723c751e8b465ee728b)
Start importing Assets/Scenes/Complex Crossroads.unity using Guid(321bf001662060b4c905ff99110ea49b) Importer(815301076,1909f56bfc062723c751e8b465ee728b)  -> (artifact id: 'ceed19211872b2f71e921cc162ef5cc9') in 0.013583 seconds 
  Import took 0.033351 seconds .

========================================================================
Received Import Request.
  Time since last request: 108.478438 seconds.
  path: Assets/Scenes/Simple Crossroads.unity
  artifactKey: Guid(7b23c544e5a659a498150c30db7c81e0) Importer(815301076,1909f56bfc062723c751e8b465ee728b)
Start importing Assets/Scenes/Simple Crossroads.unity using Guid(7b23c544e5a659a498150c30db7c81e0) Importer(815301076,1909f56bfc062723c751e8b465ee728b)  -> (artifact id: 'dfdeaea9d2e8bd6a4d1f5a8bee7a07ee') in 0.007612 seconds 
  Import took 0.050053 seconds .

========================================================================
Received Import Request.
  Time since last request: 12.450683 seconds.
  path: Assets/Scenes/Complex Crossroads.unity
  artifactKey: Guid(321bf001662060b4c905ff99110ea49b) Importer(815301076,1909f56bfc062723c751e8b465ee728b)
Start importing Assets/Scenes/Complex Crossroads.unity using Guid(321bf001662060b4c905ff99110ea49b) Importer(815301076,1909f56bfc062723c751e8b465ee728b)  -> (artifact id: 'b66fe142863f16c1e26c2620df771b43') in 0.005544 seconds 
  Import took 0.024700 seconds .

========================================================================
Received Prepare
Registering precompiled user dll's ...
Registered in 0.086060 seconds.
Begin MonoManager ReloadAssembly
Native extension for WindowsStandalone target not found
Refreshing native plugins compatible for Editor in 0.50 ms, found 2 plugins.
Preloading 0 native plugins for Editor in 0.00 ms.
Mono: successfully reloaded assembly
- Completed reload, in  1.248 seconds
Platform modules already initialized, skipping
Refreshing native plugins compatible for Editor in 3.18 ms, found 2 plugins.
Preloading 0 native plugins for Editor in 0.00 ms.
Unloading 1401 Unused Serialized files (Serialized files now loaded: 0)
System memory in use before: 68.9 MB.
System memory in use after: 68.9 MB.

Unloading 17 unused Assets to reduce memory usage. Loaded Objects now: 1897.
Total: 18.718700 ms (FindLiveObjects: 1.670000 ms CreateObjectMapping: 3.537200 ms MarkObjects: 13.309400 ms  DeleteObjects: 0.199000 ms)

AssetImportParameters requested are different than current active one (requested -> active):
  custom:framework-win-MediaFoundation: 216162199b28c13a410421893ffa2e32 -> 
  custom:video-decoder-ogg-theora: a1e56fd34408186e4bbccfd4996cb3dc -> 
  custom:container-muxer-webm: aa71ff27fc2769a1b78a27578f13a17b -> 
  custom:container-demuxer-webm: 4f35f7cbe854078d1ac9338744f61a02 -> 
  custom:container-demuxer-ogg: 62fdf1f143b41e24485cea50d1cbac27 -> 
  custom:video-encoder-webm-vp8: eb34c28f22e8b96e1ab97ce403110664 -> 
  custom:video-codec-MediaFoundation-h265: 746d11721c4dcdbdad8f713fa42b33f4 -> 
  custom:video-decoder-webm-vp8: 9c59270c3fd7afecdb556c50c9e8de78 -> 
  custom:audio-decoder-ogg-vorbis: bf7c407c2cedff20999df2af8eb42d56 -> 
  custom:audio-encoder-webm-vorbis: bf7c407c2cedff20999df2af8eb42d56 -> 
========================================================================
Received Prepare
Registering precompiled user dll's ...
Registered in 0.009750 seconds.
Begin MonoManager ReloadAssembly
Native extension for WindowsStandalone target not found
Refreshing native plugins compatible for Editor in 0.35 ms, found 2 plugins.
Preloading 0 native plugins for Editor in 0.00 ms.
Mono: successfully reloaded assembly
- Completed reload, in  1.359 seconds
Platform modules already initialized, skipping
Refreshing native plugins compatible for Editor in 0.36 ms, found 2 plugins.
Preloading 0 native plugins for Editor in 0.00 ms.
Unloading 1401 Unused Serialized files (Serialized files now loaded: 0)
System memory in use before: 68.9 MB.
System memory in use after: 68.9 MB.

Unloading 17 unused Assets to reduce memory usage. Loaded Objects now: 1900.
Total: 3.302700 ms (FindLiveObjects: 0.202700 ms CreateObjectMapping: 0.056700 ms MarkObjects: 2.937800 ms  DeleteObjects: 0.104000 ms)

AssetImportParameters requested are different than current active one (requested -> active):
  custom:framework-win-MediaFoundation: 216162199b28c13a410421893ffa2e32 -> 
  custom:video-decoder-ogg-theora: a1e56fd34408186e4bbccfd4996cb3dc -> 
  custom:container-muxer-webm: aa71ff27fc2769a1b78a27578f13a17b -> 
  custom:container-demuxer-webm: 4f35f7cbe854078d1ac9338744f61a02 -> 
  custom:container-demuxer-ogg: 62fdf1f143b41e24485cea50d1cbac27 -> 
  custom:video-encoder-webm-vp8: eb34c28f22e8b96e1ab97ce403110664 -> 
  custom:video-codec-MediaFoundation-h265: 746d11721c4dcdbdad8f713fa42b33f4 -> 
  custom:video-decoder-webm-vp8: 9c59270c3fd7afecdb556c50c9e8de78 -> 
  custom:audio-decoder-ogg-vorbis: bf7c407c2cedff20999df2af8eb42d56 -> 
  custom:audio-encoder-webm-vorbis: bf7c407c2cedff20999df2af8eb42d56 -> 
========================================================================
Received Prepare
Registering precompiled user dll's ...
Registered in 0.006014 seconds.
Begin MonoManager ReloadAssembly
Native extension for WindowsStandalone target not found
Refreshing native plugins compatible for Editor in 0.47 ms, found 2 plugins.
Preloading 0 native plugins for Editor in 0.00 ms.
Mono: successfully reloaded assembly
- Completed reload, in  1.430 seconds
Platform modules already initialized, skipping
Refreshing native plugins compatible for Editor in 0.35 ms, found 2 plugins.
Preloading 0 native plugins for Editor in 0.00 ms.
Unloading 1401 Unused Serialized files (Serialized files now loaded: 0)
System memory in use before: 68.9 MB.
System memory in use after: 69.0 MB.

Unloading 17 unused Assets to reduce memory usage. Loaded Objects now: 1903.
Total: 2.696700 ms (FindLiveObjects: 0.154100 ms CreateObjectMapping: 0.047700 ms MarkObjects: 2.397700 ms  DeleteObjects: 0.095700 ms)

AssetImportParameters requested are different than current active one (requested -> active):
  custom:framework-win-MediaFoundation: 216162199b28c13a410421893ffa2e32 -> 
  custom:video-decoder-ogg-theora: a1e56fd34408186e4bbccfd4996cb3dc -> 
  custom:container-muxer-webm: aa71ff27fc2769a1b78a27578f13a17b -> 
  custom:container-demuxer-webm: 4f35f7cbe854078d1ac9338744f61a02 -> 
  custom:container-demuxer-ogg: 62fdf1f143b41e24485cea50d1cbac27 -> 
  custom:video-encoder-webm-vp8: eb34c28f22e8b96e1ab97ce403110664 -> 
  custom:video-codec-MediaFoundation-h265: 746d11721c4dcdbdad8f713fa42b33f4 -> 
  custom:video-decoder-webm-vp8: 9c59270c3fd7afecdb556c50c9e8de78 -> 
  custom:audio-decoder-ogg-vorbis: bf7c407c2cedff20999df2af8eb42d56 -> 
  custom:audio-encoder-webm-vorbis: bf7c407c2cedff20999df2af8eb42d56 -> 
========================================================================
Received Prepare
Registering precompiled user dll's ...
Registered in 0.005463 seconds.
Begin MonoManager ReloadAssembly
Native extension for WindowsStandalone target not found
Refreshing native plugins compatible for Editor in 0.38 ms, found 2 plugins.
Preloading 0 native plugins for Editor in 0.00 ms.
Mono: successfully reloaded assembly
- Completed reload, in  1.284 seconds
Platform modules already initialized, skipping
Refreshing native plugins compatible for Editor in 0.49 ms, found 2 plugins.
Preloading 0 native plugins for Editor in 0.00 ms.
Unloading 1401 Unused Serialized files (Serialized files now loaded: 0)
System memory in use before: 68.9 MB.
System memory in use after: 69.0 MB.

Unloading 17 unused Assets to reduce memory usage. Loaded Objects now: 1906.
Total: 2.760100 ms (FindLiveObjects: 0.208300 ms CreateObjectMapping: 0.091300 ms MarkObjects: 2.397000 ms  DeleteObjects: 0.061800 ms)

AssetImportParameters requested are different than current active one (requested -> active):
  custom:framework-win-MediaFoundation: 216162199b28c13a410421893ffa2e32 -> 
  custom:video-decoder-ogg-theora: a1e56fd34408186e4bbccfd4996cb3dc -> 
  custom:container-muxer-webm: aa71ff27fc2769a1b78a27578f13a17b -> 
  custom:container-demuxer-webm: 4f35f7cbe854078d1ac9338744f61a02 -> 
  custom:container-demuxer-ogg: 62fdf1f143b41e24485cea50d1cbac27 -> 
  custom:video-encoder-webm-vp8: eb34c28f22e8b96e1ab97ce403110664 -> 
  custom:video-codec-MediaFoundation-h265: 746d11721c4dcdbdad8f713fa42b33f4 -> 
  custom:video-decoder-webm-vp8: 9c59270c3fd7afecdb556c50c9e8de78 -> 
  custom:audio-decoder-ogg-vorbis: bf7c407c2cedff20999df2af8eb42d56 -> 
  custom:audio-encoder-webm-vorbis: bf7c407c2cedff20999df2af8eb42d56 -> 
========================================================================
Received Prepare
Registering precompiled user dll's ...
Registered in 0.007203 seconds.
Begin MonoManager ReloadAssembly
Native extension for WindowsStandalone target not found
Refreshing native plugins compatible for Editor in 0.42 ms, found 2 plugins.
Preloading 0 native plugins for Editor in 0.00 ms.
Mono: successfully reloaded assembly
- Completed reload, in  2.600 seconds
Platform modules already initialized, skipping
Refreshing native plugins compatible for Editor in 1.07 ms, found 2 plugins.
Preloading 0 native plugins for Editor in 0.00 ms.
Unloading 1401 Unused Serialized files (Serialized files now loaded: 0)
System memory in use before: 68.9 MB.
System memory in use after: 69.0 MB.

Unloading 17 unused Assets to reduce memory usage. Loaded Objects now: 1909.
Total: 5.165700 ms (FindLiveObjects: 0.187600 ms CreateObjectMapping: 0.139000 ms MarkObjects: 4.747000 ms  DeleteObjects: 0.089600 ms)

AssetImportParameters requested are different than current active one (requested -> active):
  custom:framework-win-MediaFoundation: 216162199b28c13a410421893ffa2e32 -> 
  custom:video-decoder-ogg-theora: a1e56fd34408186e4bbccfd4996cb3dc -> 
  custom:container-muxer-webm: aa71ff27fc2769a1b78a27578f13a17b -> 
  custom:container-demuxer-webm: 4f35f7cbe854078d1ac9338744f61a02 -> 
  custom:container-demuxer-ogg: 62fdf1f143b41e24485cea50d1cbac27 -> 
  custom:video-encoder-webm-vp8: eb34c28f22e8b96e1ab97ce403110664 -> 
  custom:video-codec-MediaFoundation-h265: 746d11721c4dcdbdad8f713fa42b33f4 -> 
  custom:video-decoder-webm-vp8: 9c59270c3fd7afecdb556c50c9e8de78 -> 
  custom:audio-decoder-ogg-vorbis: bf7c407c2cedff20999df2af8eb42d56 -> 
  custom:audio-encoder-webm-vorbis: bf7c407c2cedff20999df2af8eb42d56 -> 
AssetImportWorkerClient::OnTransportError - code=2 error=End of file
